<?xml version="1.0" encoding="UTF-8"?>
<testng-results ignored="0" total="1" passed="1" failed="0" skipped="0">
  <reporter-output>
  </reporter-output>
  <suite started-at="2023-05-28T13:44:09Z" name="Suite" finished-at="2023-05-28T13:44:15Z" duration-ms="6330">
    <groups>
    </groups>
    <test started-at="2023-05-28T13:44:09Z" name="Test" finished-at="2023-05-28T13:44:15Z" duration-ms="6330">
      <class name="TestCases.JenkinsExecution">
        <test-method signature="launchchrome()[pri:0, instance:TestCases.JenkinsExecution@8519cb4]" started-at="2023-05-28T13:44:09Z" name="launchchrome" finished-at="2023-05-28T13:44:15Z" duration-ms="6275" status="PASS">
          <reporter-output>
          </reporter-output>
        </test-method> <!-- launchchrome -->
      </class> <!-- TestCases.JenkinsExecution -->
    </test> <!-- Test -->
  </suite> <!-- Suite -->
</testng-results>
